This is pdfeTeX, Version 3.141592-1.21a-2.2 (Web2C 7.5.4) (format=pdflatex 2007.10.13)  10 JAN 2008 18:34
entering extended mode
**mocha2mv_summary.tex
(./mocha2mv_summary.tex
LaTeX2e <2003/12/01>
Babel <v3.8d> and hyphenation patterns for american, french, german, ngerman, b
ahasa, basque, bulgarian, catalan, croatian, czech, danish, dutch, esperanto, e
stonian, finnish, greek, icelandic, irish, italian, latin, magyar, norsk, polis
h, portuges, romanian, russian, serbian, slovak, slovene, spanish, swedish, tur
kish, ukrainian, nohyphenation, loaded.
(/sw/share/texmf-dist/tex/latex/base/article.cls
Document Class: article 2004/02/16 v1.4f Standard LaTeX document class
(/sw/share/texmf-dist/tex/latex/base/size12.clo
File: size12.clo 2004/02/16 v1.4f Standard LaTeX file (size option)
)
\c@part=\count79
\c@section=\count80
\c@subsection=\count81
\c@subsubsection=\count82
\c@paragraph=\count83
\c@subparagraph=\count84
\c@figure=\count85
\c@table=\count86
\abovecaptionskip=\skip41
\belowcaptionskip=\skip42
\bibindent=\dimen102
) (./mocha2mv_summary.aux)
\openout1 = `mocha2mv_summary.aux'.

LaTeX Font Info:    Checking defaults for OML/cmm/m/it on input line 5.
LaTeX Font Info:    ... okay on input line 5.
LaTeX Font Info:    Checking defaults for T1/cmr/m/n on input line 5.
LaTeX Font Info:    ... okay on input line 5.
LaTeX Font Info:    Checking defaults for OT1/cmr/m/n on input line 5.
LaTeX Font Info:    ... okay on input line 5.
LaTeX Font Info:    Checking defaults for OMS/cmsy/m/n on input line 5.
LaTeX Font Info:    ... okay on input line 5.
LaTeX Font Info:    Checking defaults for OMX/cmex/m/n on input line 5.
LaTeX Font Info:    ... okay on input line 5.
LaTeX Font Info:    Checking defaults for U/cmr/m/n on input line 5.
LaTeX Font Info:    ... okay on input line 5.
LaTeX Font Info:    External font `cmex10' loaded for size
(Font)              <14.4> on input line 7.
LaTeX Font Info:    External font `cmex10' loaded for size
(Font)              <7> on input line 7.

[1

{/sw/var/lib/texmf/fonts/map/pdftex/updmap/pdftex.map}] [2]
Overfull \hbox (44.4492pt too wide) in paragraph at lines 120--123
[]\OT1/cmr/m/n/12 Let VIS know of the ``read[]mocha'' com-mand: For this, open 
$VIS/src/vm/vm.h
 []


Overfull \hbox (63.94539pt too wide) in paragraph at lines 128--131
[]\OT1/cmr/m/n/12 Launch the com-mand ini-tial-iza-tion at VIS startup: in the 
file $VIS/src/vm/vmInit.c
 []

[3]
Overfull \hbox (2.90181pt too wide) in paragraph at lines 168--171
[]\OT1/cmr/m/n/12 Array types and bitvec-tors are not sup-ported
 []

[4] (./mocha2mv_summary.aux) ) 
Here is how much of TeX's memory you used:
 220 strings out of 94500
 2434 string characters out of 1176113
 50348 words of memory out of 1000000
 3469 multiletter control sequences out of 10000+50000
 6539 words of font info for 24 fonts, out of 500000 for 2000
 580 hyphenation exceptions out of 1000
 22i,6n,19p,172b,314s stack positions out of 1500i,500n,5000p,200000b,5000s
PDF statistics:
 25 PDF objects out of 300000
 0 named destinations out of 131072
 1 words of extra memory for PDF output out of 65536
</sw/share/texmf-dist/fonts/type1/bluesky/cm/cmtt
12.pfb></sw/share/texmf-dist/fonts/type1/bluesky/cm/cmbx12.pfb></sw/share/texmf
-dist/fonts/type1/bluesky/cm/cmr12.pfb></sw/share/texmf-dist/fonts/type1/bluesk
y/cm/cmr17.pfb>
Output written on mocha2mv_summary.pdf (4 pages, 49839 bytes).
